<?xml version="1.0" encoding="UTF-8"?>
<!-- Generated by org.testng.reporters.JUnitReportReporter -->
<testsuite skipped="0" hostname="DESKTOP-C9OMQNM" name="MockarooProject.MockarooDataValidation" tests="5" failures="0" timestamp="30 Jun 2018 02:40:51 GMT" time="18.255" errors="0">
  <testcase name="verifyTitle" time="0.013" classname="MockarooProject.MockarooDataValidation"/>
  <testcase name="verifyHeader" time="0.509" classname="MockarooProject.MockarooDataValidation"/>
  <testcase name="verifyTableHeader" time="0.375" classname="MockarooProject.MockarooDataValidation"/>
  <testcase name="creatingFields" time="17.321" classname="MockarooProject.MockarooDataValidation"/>
  <testcase name="verifyDownloadedData" time="0.037" classname="MockarooProject.MockarooDataValidation"/>
</testsuite> <!-- MockarooProject.MockarooDataValidation -->
